TN:
SF:/home/patrick/.local/opt/caesar-salad/temp/coverage/caesar-salad.js
FNF:0
FNH:0
DA:1,1
DA:2,1
DA:3,1
DA:4,1
DA:5,1
DA:6,1
DA:7,1
DA:8,1
DA:9,1
DA:10,1
DA:11,1
DA:12,1
DA:13,1
DA:14,1
DA:15,1
DA:16,1
DA:17,1
DA:18,1
DA:19,1
DA:20,1
LF:20
LH:20
BRF:0
BRH:0
end_of_record
TN:
SF:/home/patrick/.local/opt/caesar-salad/temp/coverage/substitution-cipher.js
FN:3,SubstitutionCipher
FN:5,(anonymous_2)
FN:8,(anonymous_3)
FN:12,(anonymous_4)
FN:15,(anonymous_5)
FNF:5
FNH:5
FNDA:33,SubstitutionCipher
FNDA:1,(anonymous_2)
FNDA:44,(anonymous_3)
FNDA:1,(anonymous_4)
FNDA:1,(anonymous_5)
DA:2,1
DA:3,1
DA:4,1
DA:6,1
DA:9,44
DA:12,1
DA:13,1
DA:15,1
DA:16,1
DA:18,1
DA:19,1
LF:11
LH:11
BRF:0
BRH:0
end_of_record
TN:
SF:/home/patrick/.local/opt/caesar-salad/temp/coverage/caesar.js
FN:4,Caesar
FN:8,(anonymous_2)
FN:11,(anonymous_3)
FN:21,(anonymous_4)
FN:24,(anonymous_5)
FNF:5
FNH:5
FNDA:10,Caesar
FNDA:232,(anonymous_2)
FNDA:758,(anonymous_3)
FNDA:5,(anonymous_4)
FNDA:5,(anonymous_5)
DA:2,1
DA:3,1
DA:4,1
DA:5,10
DA:7,1
DA:9,232
DA:12,758
DA:13,204
DA:15,554
DA:16,352
DA:18,202
DA:21,1
DA:22,5
DA:24,1
DA:25,5
DA:27,1
DA:28,1
LF:17
LH:17
BRDA:12,1,0,204
BRDA:12,1,1,554
BRDA:12,2,0,758
BRDA:12,2,1,596
BRDA:15,3,0,352
BRDA:15,3,1,202
BRDA:15,4,0,554
BRDA:15,4,1,368
BRF:8
BRH:8
end_of_record
TN:
SF:/home/patrick/.local/opt/caesar-salad/temp/coverage/password.js
FN:3,ShiftMixin
FN:4,(anonymous_2)
FN:7,(anonymous_3)
FN:10,(anonymous_4)
FN:23,passwordToShiftArray
FN:31,(anonymous_6)
FN:46,Password
FN:59,(anonymous_8)
FNF:8
FNH:8
FNDA:84,ShiftMixin
FNDA:15,(anonymous_2)
FNDA:42,(anonymous_3)
FNDA:77,(anonymous_4)
FNDA:44,passwordToShiftArray
FNDA:27,(anonymous_6)
FNDA:170,Password
FNDA:42,(anonymous_8)
DA:2,1
DA:3,1
DA:4,84
DA:5,15
DA:7,84
DA:8,42
DA:10,42
DA:11,77
DA:12,31
DA:14,46
DA:17,42
DA:18,4
DA:20,38
DA:23,1
DA:24,44
DA:25,2
DA:26,42
DA:27,10
DA:28,32
DA:29,10
DA:30,22
DA:31,13
DA:32,27
DA:34,9
DA:35,7
DA:37,2
DA:40,1
DA:45,1
DA:46,1
DA:47,170
DA:48,44
DA:50,170
DA:53,170
DA:54,126
DA:55,126
DA:57,44
DA:58,44
DA:59,42
DA:60,42
DA:63,168
DA:64,168
DA:65,84
DA:66,84
DA:69,168
DA:70,126
DA:73,1
DA:74,1
DA:75,1
DA:76,1
LF:49
LH:49
BRDA:11,1,0,31
BRDA:11,1,1,46
BRDA:17,2,0,4
BRDA:17,2,1,38
BRDA:24,3,0,2
BRDA:24,3,1,42
BRDA:24,4,0,44
BRDA:24,4,1,42
BRDA:26,5,0,10
BRDA:26,5,1,32
BRDA:28,6,0,10
BRDA:28,6,1,22
BRDA:28,7,0,32
BRDA:28,7,1,24
BRDA:30,8,0,13
BRDA:30,8,1,9
BRDA:30,9,0,22
BRDA:30,9,1,14
BRDA:34,10,0,7
BRDA:34,10,1,2
BRDA:34,11,0,9
BRDA:34,11,1,9
BRDA:34,11,2,8
BRDA:47,12,0,44
BRDA:47,12,1,126
BRDA:53,13,0,126
BRDA:53,13,1,44
BRDA:64,14,0,84
BRDA:64,14,1,84
BRF:29
BRH:29
end_of_record
TN:
SF:/home/patrick/.local/opt/caesar-salad/temp/coverage/rot5.js
FN:3,ROT5
FN:7,(anonymous_2)
FN:16,(anonymous_3)
FNF:3
FNH:3
FNDA:2,ROT5
FNDA:376,(anonymous_2)
FNDA:2,(anonymous_3)
DA:2,1
DA:3,1
DA:4,2
DA:6,1
DA:7,1
DA:8,376
DA:9,20
DA:11,356
DA:12,20
DA:14,336
DA:16,1
DA:17,2
DA:19,1
DA:20,1
DA:21,1
LF:15
LH:15
BRDA:8,1,0,20
BRDA:8,1,1,356
BRDA:8,2,0,376
BRDA:8,2,1,316
BRDA:11,3,0,20
BRDA:11,3,1,336
BRDA:11,4,0,356
BRDA:11,4,1,296
BRF:8
BRH:8
end_of_record
TN:
SF:/home/patrick/.local/opt/caesar-salad/temp/coverage/rot13.js
FN:3,ROT13
FN:7,(anonymous_2)
FN:16,(anonymous_3)
FNF:3
FNH:3
FNDA:2,ROT13
FNDA:376,(anonymous_2)
FNDA:2,(anonymous_3)
DA:2,1
DA:3,1
DA:4,2
DA:6,1
DA:7,1
DA:8,376
DA:9,104
DA:11,272
DA:12,104
DA:14,168
DA:16,1
DA:17,2
DA:19,1
DA:20,1
DA:21,1
LF:15
LH:15
BRDA:8,1,0,104
BRDA:8,1,1,272
BRDA:8,2,0,376
BRDA:8,2,1,248
BRDA:8,2,2,324
BRDA:8,2,3,120
BRDA:11,3,0,104
BRDA:11,3,1,168
BRDA:11,4,0,272
BRDA:11,4,1,144
BRDA:11,4,2,220
BRDA:11,4,3,68
BRF:12
BRH:12
end_of_record
TN:
SF:/home/patrick/.local/opt/caesar-salad/temp/coverage/rot18.js
FN:5,ROT18
FN:9,(anonymous_2)
FN:14,(anonymous_3)
FNF:3
FNH:3
FNDA:2,ROT18
FNDA:188,(anonymous_2)
FNDA:2,(anonymous_3)
DA:2,1
DA:3,1
DA:4,1
DA:5,1
DA:6,2
DA:8,1
DA:9,1
DA:10,188
DA:11,188
DA:12,188
DA:14,1
DA:15,2
DA:17,1
DA:18,1
DA:19,1
LF:15
LH:15
BRF:0
BRH:0
end_of_record
TN:
SF:/home/patrick/.local/opt/caesar-salad/temp/coverage/rot47.js
FN:3,ROT47
FN:7,(anonymous_2)
FN:16,(anonymous_3)
FNF:3
FNH:3
FNDA:4,ROT47
FNDA:274,(anonymous_2)
FNDA:4,(anonymous_3)
DA:2,1
DA:3,1
DA:4,4
DA:6,1
DA:7,1
DA:8,274
DA:9,129
DA:11,145
DA:12,129
DA:14,16
DA:16,1
DA:17,4
DA:19,1
DA:20,1
DA:21,1
LF:15
LH:15
BRDA:8,1,0,129
BRDA:8,1,1,145
BRDA:8,2,0,274
BRDA:8,2,1,258
BRDA:11,3,0,129
BRDA:11,3,1,16
BRDA:11,4,0,145
BRDA:11,4,1,129
BRF:8
BRH:8
end_of_record
TN:
SF:/home/patrick/.local/opt/caesar-salad/temp/coverage/vigenere.js
FN:5,Vigenere
FN:7,(anonymous_2)
FN:14,(anonymous_3)
FN:18,(anonymous_4)
FN:21,(anonymous_5)
FNF:5
FNH:5
FNDA:22,Vigenere
FNDA:56,(anonymous_2)
FNDA:324,(anonymous_3)
FNDA:11,(anonymous_4)
FNDA:11,(anonymous_5)
DA:2,1
DA:3,1
DA:4,1
DA:5,1
DA:6,22
DA:7,22
DA:8,56
DA:10,22
DA:11,22
DA:13,1
DA:14,1
DA:15,324
DA:16,324
DA:18,1
DA:19,11
DA:21,1
DA:22,11
DA:24,1
DA:25,1
LF:19
LH:19
BRF:0
BRH:0
end_of_record
