TN:
SF:/home/patrick/Projekte/github/caesar-salad/temp/coverage/caesar-salad.js
FNF:0
FNH:0
DA:1,1
DA:2,1
DA:3,1
DA:4,1
DA:5,1
DA:6,1
DA:7,1
DA:8,1
DA:9,1
DA:10,1
DA:11,1
DA:12,1
DA:13,1
DA:14,1
DA:15,1
DA:16,1
DA:17,1
DA:18,1
DA:19,1
DA:20,1
LF:20
LH:20
BRF:0
BRH:0
end_of_record
TN:
SF:/home/patrick/Projekte/github/caesar-salad/temp/coverage/substitution-cipher.js
FN:3,(anonymous_1)
FN:4,SubstitutionCipher
FN:6,(anonymous_3)
FN:9,(anonymous_4)
FN:14,(anonymous_5)
FN:17,(anonymous_6)
FNF:6
FNH:6
FNDA:1,(anonymous_1)
FNDA:43,SubstitutionCipher
FNDA:1,(anonymous_3)
FNDA:44,(anonymous_4)
FNDA:1,(anonymous_5)
FNDA:1,(anonymous_6)
DA:2,1
DA:3,1
DA:4,1
DA:5,1
DA:7,1
DA:10,44
DA:14,1
DA:15,1
DA:17,1
DA:18,1
DA:20,1
DA:21,1
LF:12
LH:12
BRF:0
BRH:0
end_of_record
TN:
SF:/home/patrick/Projekte/github/caesar-salad/temp/coverage/caesar.js
FN:4,(anonymous_1)
FN:5,Caesar
FN:10,(anonymous_3)
FN:13,(anonymous_4)
FN:24,(anonymous_5)
FN:27,(anonymous_6)
FNF:6
FNH:6
FNDA:1,(anonymous_1)
FNDA:10,Caesar
FNDA:232,(anonymous_3)
FNDA:758,(anonymous_4)
FNDA:5,(anonymous_5)
FNDA:5,(anonymous_6)
DA:2,1
DA:3,1
DA:4,1
DA:5,1
DA:6,10
DA:7,10
DA:9,1
DA:11,232
DA:14,758
DA:15,204
DA:17,554
DA:18,352
DA:20,202
DA:24,1
DA:25,5
DA:27,1
DA:28,5
DA:30,1
DA:31,1
LF:19
LH:19
BRDA:14,1,0,204
BRDA:14,1,1,554
BRDA:14,2,0,758
BRDA:14,2,1,596
BRDA:17,3,0,352
BRDA:17,3,1,202
BRDA:17,4,0,554
BRDA:17,4,1,368
BRF:8
BRH:8
end_of_record
TN:
SF:/home/patrick/Projekte/github/caesar-salad/temp/coverage/password.js
FN:3,ShiftMixin
FN:4,(anonymous_2)
FN:7,(anonymous_3)
FN:10,(anonymous_4)
FN:23,passwordToShiftArray
FN:36,(anonymous_6)
FN:51,(anonymous_7)
FN:52,Password
FN:65,(anonymous_9)
FNF:9
FNH:9
FNDA:84,ShiftMixin
FNDA:15,(anonymous_2)
FNDA:42,(anonymous_3)
FNDA:77,(anonymous_4)
FNDA:44,passwordToShiftArray
FNDA:27,(anonymous_6)
FNDA:1,(anonymous_7)
FNDA:170,Password
FNDA:42,(anonymous_9)
DA:2,1
DA:3,1
DA:4,84
DA:5,15
DA:7,84
DA:8,42
DA:10,42
DA:11,77
DA:12,31
DA:14,46
DA:17,42
DA:18,4
DA:20,38
DA:23,1
DA:24,44
DA:26,44
DA:27,2
DA:29,42
DA:30,10
DA:32,32
DA:33,10
DA:35,22
DA:36,13
DA:37,27
DA:40,9
DA:41,7
DA:43,2
DA:45,1
DA:50,1
DA:51,1
DA:52,1
DA:53,170
DA:54,44
DA:56,170
DA:59,170
DA:60,126
DA:61,126
DA:63,44
DA:64,44
DA:65,42
DA:66,42
DA:69,168
DA:70,168
DA:71,84
DA:72,84
DA:75,168
DA:76,126
DA:79,1
DA:81,1
DA:82,1
LF:50
LH:50
BRDA:11,1,0,31
BRDA:11,1,1,46
BRDA:17,2,0,4
BRDA:17,2,1,38
BRDA:26,3,0,2
BRDA:26,3,1,42
BRDA:26,4,0,44
BRDA:26,4,1,42
BRDA:29,5,0,10
BRDA:29,5,1,32
BRDA:32,6,0,10
BRDA:32,6,1,22
BRDA:32,7,0,32
BRDA:32,7,1,24
BRDA:35,8,0,13
BRDA:35,8,1,9
BRDA:35,9,0,22
BRDA:35,9,1,14
BRDA:40,10,0,7
BRDA:40,10,1,2
BRDA:40,11,0,9
BRDA:40,11,1,9
BRDA:40,11,2,8
BRDA:53,12,0,44
BRDA:53,12,1,126
BRDA:59,13,0,126
BRDA:59,13,1,44
BRDA:70,14,0,84
BRDA:70,14,1,84
BRF:29
BRH:29
end_of_record
TN:
SF:/home/patrick/Projekte/github/caesar-salad/temp/coverage/rot5.js
FN:3,(anonymous_1)
FN:4,ROT5
FN:7,(anonymous_3)
FN:17,(anonymous_4)
FNF:4
FNH:4
FNDA:1,(anonymous_1)
FNDA:2,ROT5
FNDA:376,(anonymous_3)
FNDA:2,(anonymous_4)
DA:2,1
DA:3,1
DA:4,1
DA:5,2
DA:7,1
DA:8,376
DA:9,20
DA:11,356
DA:12,20
DA:14,336
DA:17,1
DA:18,2
DA:20,1
DA:21,1
DA:22,1
LF:15
LH:15
BRDA:8,1,0,20
BRDA:8,1,1,356
BRDA:8,2,0,376
BRDA:8,2,1,316
BRDA:11,3,0,20
BRDA:11,3,1,336
BRDA:11,4,0,356
BRDA:11,4,1,296
BRF:8
BRH:8
end_of_record
TN:
SF:/home/patrick/Projekte/github/caesar-salad/temp/coverage/rot13.js
FN:3,(anonymous_1)
FN:4,ROT13
FN:7,(anonymous_3)
FN:17,(anonymous_4)
FNF:4
FNH:4
FNDA:1,(anonymous_1)
FNDA:2,ROT13
FNDA:376,(anonymous_3)
FNDA:2,(anonymous_4)
DA:2,1
DA:3,1
DA:4,1
DA:5,2
DA:7,1
DA:8,376
DA:9,104
DA:11,272
DA:12,104
DA:14,168
DA:17,1
DA:18,2
DA:20,1
DA:21,1
DA:22,1
LF:15
LH:15
BRDA:8,1,0,104
BRDA:8,1,1,272
BRDA:8,2,0,376
BRDA:8,2,1,248
BRDA:8,2,2,324
BRDA:8,2,3,120
BRDA:11,3,0,104
BRDA:11,3,1,168
BRDA:11,4,0,272
BRDA:11,4,1,144
BRDA:11,4,2,220
BRDA:11,4,3,68
BRF:12
BRH:12
end_of_record
TN:
SF:/home/patrick/Projekte/github/caesar-salad/temp/coverage/rot18.js
FN:5,(anonymous_1)
FN:6,ROT18
FN:9,(anonymous_3)
FN:15,(anonymous_4)
FNF:4
FNH:4
FNDA:1,(anonymous_1)
FNDA:2,ROT18
FNDA:188,(anonymous_3)
FNDA:2,(anonymous_4)
DA:2,1
DA:3,1
DA:4,1
DA:5,1
DA:6,1
DA:7,2
DA:9,1
DA:10,188
DA:11,188
DA:12,188
DA:15,1
DA:16,2
DA:18,1
DA:19,1
DA:20,1
LF:15
LH:15
BRF:0
BRH:0
end_of_record
TN:
SF:/home/patrick/Projekte/github/caesar-salad/temp/coverage/rot47.js
FN:3,(anonymous_1)
FN:4,ROT47
FN:7,(anonymous_3)
FN:17,(anonymous_4)
FNF:4
FNH:4
FNDA:1,(anonymous_1)
FNDA:4,ROT47
FNDA:274,(anonymous_3)
FNDA:4,(anonymous_4)
DA:2,1
DA:3,1
DA:4,1
DA:5,4
DA:7,1
DA:8,274
DA:9,129
DA:11,145
DA:12,129
DA:14,16
DA:17,1
DA:18,4
DA:20,1
DA:21,1
DA:22,1
LF:15
LH:15
BRDA:8,1,0,129
BRDA:8,1,1,145
BRDA:8,2,0,274
BRDA:8,2,1,258
BRDA:11,3,0,129
BRDA:11,3,1,16
BRDA:11,4,0,145
BRDA:11,4,1,129
BRF:8
BRH:8
end_of_record
TN:
SF:/home/patrick/Projekte/github/caesar-salad/temp/coverage/vigenere.js
FN:5,(anonymous_1)
FN:6,Vigenere
FN:8,(anonymous_3)
FN:14,(anonymous_4)
FN:19,(anonymous_5)
FN:22,(anonymous_6)
FNF:6
FNH:6
FNDA:1,(anonymous_1)
FNDA:22,Vigenere
FNDA:56,(anonymous_3)
FNDA:324,(anonymous_4)
FNDA:11,(anonymous_5)
FNDA:11,(anonymous_6)
DA:2,1
DA:3,1
DA:4,1
DA:5,1
DA:6,1
DA:7,22
DA:8,22
DA:9,56
DA:11,22
DA:12,22
DA:14,1
DA:15,324
DA:16,324
DA:19,1
DA:20,11
DA:22,1
DA:23,11
DA:25,1
DA:26,1
LF:19
LH:19
BRF:0
BRH:0
end_of_record
